{"level":40,"time":1676861870479,"pid":20472,"hostname":"DESKTOP-492C8BG","msg":"La URL: /555 y el metodo: GET no estan implementados"}
{"level":40,"time":1676861980552,"pid":20472,"hostname":"DESKTOP-492C8BG","msg":"La URL: /HNAP1/ y el metodo: GET no estan implementados"}
{"level":40,"time":1676861980581,"pid":20472,"hostname":"DESKTOP-492C8BG","msg":"La URL: /HNAP1/ y el metodo: GET no estan implementados"}
{"level":40,"time":1676862259774,"pid":16124,"hostname":"DESKTOP-492C8BG","msg":"La URL: /favicon.ico y el metodo: GET no estan implementados"}
{"level":40,"time":1676862291151,"pid":16124,"hostname":"DESKTOP-492C8BG","msg":"La URL: /11 y el metodo: GET no estan implementados"}
{"level":40,"time":1676862291660,"pid":16124,"hostname":"DESKTOP-492C8BG","msg":"La URL: /1 y el metodo: GET no estan implementados"}
{"level":40,"time":1676862291919,"pid":16124,"hostname":"DESKTOP-492C8BG","msg":"La URL: /22 y el metodo: GET no estan implementados"}
{"level":40,"time":1676862292434,"pid":16124,"hostname":"DESKTOP-492C8BG","msg":"La URL: /pp y el metodo: GET no estan implementados"}
{"level":40,"time":1676862292691,"pid":16124,"hostname":"DESKTOP-492C8BG","msg":"La URL: /www y el metodo: GET no estan implementados"}
{"level":40,"time":1676862292775,"pid":16124,"hostname":"DESKTOP-492C8BG","msg":"La URL: /A y el metodo: GET no estan implementados"}
{"level":40,"time":1676862292781,"pid":16124,"hostname":"DESKTOP-492C8BG","msg":"La URL: /alt=%22Avatar%22%3C/br y el metodo: GET no estan implementados"}
{"level":40,"time":1676862419166,"pid":1240,"hostname":"DESKTOP-492C8BG","msg":"La URL: /11 y el metodo: GET no estan implementados"}
{"level":40,"time":1676862419671,"pid":1240,"hostname":"DESKTOP-492C8BG","msg":"La URL: /1 y el metodo: GET no estan implementados"}
{"level":40,"time":1676862420508,"pid":1240,"hostname":"DESKTOP-492C8BG","msg":"La URL: /pp y el metodo: GET no estan implementados"}
{"level":40,"time":1676862420780,"pid":1240,"hostname":"DESKTOP-492C8BG","msg":"La URL: /www y el metodo: GET no estan implementados"}
{"level":40,"time":1676862420783,"pid":1240,"hostname":"DESKTOP-492C8BG","msg":"La URL: /A y el metodo: GET no estan implementados"}
{"level":40,"time":1676862421281,"pid":1240,"hostname":"DESKTOP-492C8BG","msg":"La URL: /22 y el metodo: GET no estan implementados"}
{"level":40,"time":1676862422149,"pid":1240,"hostname":"DESKTOP-492C8BG","msg":"La URL: /alt=%22Avatar%22%3C/br y el metodo: GET no estan implementados"}
{"level":40,"time":1676862438872,"pid":6156,"hostname":"DESKTOP-492C8BG","msg":"La URL: /11 y el metodo: GET no estan implementados"}
{"level":40,"time":1676862439359,"pid":6156,"hostname":"DESKTOP-492C8BG","msg":"La URL: /1 y el metodo: GET no estan implementados"}
{"level":40,"time":1676862440142,"pid":6156,"hostname":"DESKTOP-492C8BG","msg":"La URL: /pp y el metodo: GET no estan implementados"}
{"level":40,"time":1676862440399,"pid":6156,"hostname":"DESKTOP-492C8BG","msg":"La URL: /alt=%22Avatar%22%3C/br y el metodo: GET no estan implementados"}
{"level":40,"time":1676862440430,"pid":6156,"hostname":"DESKTOP-492C8BG","msg":"La URL: /A y el metodo: GET no estan implementados"}
{"level":40,"time":1676862440928,"pid":6156,"hostname":"DESKTOP-492C8BG","msg":"La URL: /22 y el metodo: GET no estan implementados"}
{"level":40,"time":1676862441745,"pid":6156,"hostname":"DESKTOP-492C8BG","msg":"La URL: /www y el metodo: GET no estan implementados"}
{"level":40,"time":1676862517039,"pid":19632,"hostname":"DESKTOP-492C8BG","msg":"La URL: /11 y el metodo: GET no estan implementados"}
{"level":40,"time":1676862517296,"pid":19632,"hostname":"DESKTOP-492C8BG","msg":"La URL: /A y el metodo: GET no estan implementados"}
{"level":40,"time":1676862517559,"pid":19632,"hostname":"DESKTOP-492C8BG","msg":"La URL: /1 y el metodo: GET no estan implementados"}
{"level":40,"time":1676862517818,"pid":19632,"hostname":"DESKTOP-492C8BG","msg":"La URL: /22 y el metodo: GET no estan implementados"}
{"level":40,"time":1676862518343,"pid":19632,"hostname":"DESKTOP-492C8BG","msg":"La URL: /pp y el metodo: GET no estan implementados"}
{"level":40,"time":1676862519677,"pid":19632,"hostname":"DESKTOP-492C8BG","msg":"La URL: /www y el metodo: GET no estan implementados"}
{"level":40,"time":1676862519711,"pid":19632,"hostname":"DESKTOP-492C8BG","msg":"La URL: /alt=%22Avatar%22%3C/br y el metodo: GET no estan implementados"}
{"level":40,"time":1676862521028,"pid":19632,"hostname":"DESKTOP-492C8BG","msg":"La URL: /alt=%22Avatar%22%3C/td y el metodo: GET no estan implementados"}
{"level":40,"time":1676862728387,"pid":9264,"hostname":"DESKTOP-492C8BG","msg":"La URL: /11 y el metodo: GET no estan implementados"}
{"level":40,"time":1676862728896,"pid":9264,"hostname":"DESKTOP-492C8BG","msg":"La URL: /1 y el metodo: GET no estan implementados"}
{"level":40,"time":1676862729154,"pid":9264,"hostname":"DESKTOP-492C8BG","msg":"La URL: /22 y el metodo: GET no estan implementados"}
{"level":40,"time":1676862729681,"pid":9264,"hostname":"DESKTOP-492C8BG","msg":"La URL: /pp y el metodo: GET no estan implementados"}
{"level":40,"time":1676862729949,"pid":9264,"hostname":"DESKTOP-492C8BG","msg":"La URL: /alt=%22Avatar%22%3C/br y el metodo: GET no estan implementados"}
{"level":40,"time":1676862729957,"pid":9264,"hostname":"DESKTOP-492C8BG","msg":"La URL: /A y el metodo: GET no estan implementados"}
{"level":40,"time":1676862731001,"pid":9264,"hostname":"DESKTOP-492C8BG","msg":"La URL: /www y el metodo: GET no estan implementados"}
{"level":40,"time":1676862866106,"pid":12128,"hostname":"DESKTOP-492C8BG","msg":"La URL: /11 y el metodo: GET no estan implementados"}
{"level":40,"time":1676862866618,"pid":12128,"hostname":"DESKTOP-492C8BG","msg":"La URL: /1 y el metodo: GET no estan implementados"}
{"level":40,"time":1676862866886,"pid":12128,"hostname":"DESKTOP-492C8BG","msg":"La URL: /22 y el metodo: GET no estan implementados"}
{"level":40,"time":1676862867396,"pid":12128,"hostname":"DESKTOP-492C8BG","msg":"La URL: /www y el metodo: GET no estan implementados"}
{"level":40,"time":1676862867669,"pid":12128,"hostname":"DESKTOP-492C8BG","msg":"La URL: /A y el metodo: GET no estan implementados"}
{"level":40,"time":1676862868722,"pid":12128,"hostname":"DESKTOP-492C8BG","msg":"La URL: /alt=%22Avatar%22%3C/br y el metodo: GET no estan implementados"}
{"level":40,"time":1676862868729,"pid":12128,"hostname":"DESKTOP-492C8BG","msg":"La URL: /pp y el metodo: GET no estan implementados"}
{"level":40,"time":1676862916088,"pid":16856,"hostname":"DESKTOP-492C8BG","msg":"La URL: /11 y el metodo: GET no estan implementados"}
{"level":40,"time":1676862916608,"pid":16856,"hostname":"DESKTOP-492C8BG","msg":"La URL: /1 y el metodo: GET no estan implementados"}
{"level":40,"time":1676862917390,"pid":16856,"hostname":"DESKTOP-492C8BG","msg":"La URL: /pp y el metodo: GET no estan implementados"}
{"level":40,"time":1676862917646,"pid":16856,"hostname":"DESKTOP-492C8BG","msg":"La URL: /alt=%22Avatar%22%3C/br y el metodo: GET no estan implementados"}
{"level":40,"time":1676862917654,"pid":16856,"hostname":"DESKTOP-492C8BG","msg":"La URL: /A y el metodo: GET no estan implementados"}
{"level":40,"time":1676862918176,"pid":16856,"hostname":"DESKTOP-492C8BG","msg":"La URL: /22 y el metodo: GET no estan implementados"}
{"level":40,"time":1676862918965,"pid":16856,"hostname":"DESKTOP-492C8BG","msg":"La URL: /www y el metodo: GET no estan implementados"}
{"level":40,"time":1676862946196,"pid":14640,"hostname":"DESKTOP-492C8BG","msg":"La URL: /11 y el metodo: GET no estan implementados"}
{"level":40,"time":1676862946701,"pid":14640,"hostname":"DESKTOP-492C8BG","msg":"La URL: /1 y el metodo: GET no estan implementados"}
{"level":40,"time":1676862947524,"pid":14640,"hostname":"DESKTOP-492C8BG","msg":"La URL: /alt=%22Avatar%22%3C/br y el metodo: GET no estan implementados"}
{"level":40,"time":1676862947777,"pid":14640,"hostname":"DESKTOP-492C8BG","msg":"La URL: /A y el metodo: GET no estan implementados"}
{"level":40,"time":1676862948196,"pid":14640,"hostname":"DESKTOP-492C8BG","msg":"La URL: /alt=%22Imagen y el metodo: GET no estan implementados"}
{"level":40,"time":1676862948285,"pid":14640,"hostname":"DESKTOP-492C8BG","msg":"La URL: /22 y el metodo: GET no estan implementados"}
{"level":40,"time":1676862948871,"pid":14640,"hostname":"DESKTOP-492C8BG","msg":"La URL: /pp y el metodo: GET no estan implementados"}
{"level":40,"time":1676862949108,"pid":14640,"hostname":"DESKTOP-492C8BG","msg":"La URL: /www y el metodo: GET no estan implementados"}
{"level":40,"time":1676862949675,"pid":14640,"hostname":"DESKTOP-492C8BG","msg":"La URL: /alt=%22Imagen y el metodo: GET no estan implementados"}
{"level":40,"time":1676863081355,"pid":19508,"hostname":"DESKTOP-492C8BG","msg":"La URL: /11 y el metodo: GET no estan implementados"}
{"level":40,"time":1676863081853,"pid":19508,"hostname":"DESKTOP-492C8BG","msg":"La URL: /1 y el metodo: GET no estan implementados"}
{"level":40,"time":1676863082111,"pid":19508,"hostname":"DESKTOP-492C8BG","msg":"La URL: /22 y el metodo: GET no estan implementados"}
{"level":40,"time":1676863082632,"pid":19508,"hostname":"DESKTOP-492C8BG","msg":"La URL: /pp y el metodo: GET no estan implementados"}
{"level":40,"time":1676863082887,"pid":19508,"hostname":"DESKTOP-492C8BG","msg":"La URL: /www y el metodo: GET no estan implementados"}
{"level":40,"time":1676863082902,"pid":19508,"hostname":"DESKTOP-492C8BG","msg":"La URL: /A y el metodo: GET no estan implementados"}
{"level":40,"time":1676863083993,"pid":19508,"hostname":"DESKTOP-492C8BG","msg":"La URL: /alt=%22Avatar%22%3C/br y el metodo: GET no estan implementados"}
{"level":40,"time":1676863106428,"pid":20084,"hostname":"DESKTOP-492C8BG","msg":"La URL: /11 y el metodo: GET no estan implementados"}
{"level":40,"time":1676863106703,"pid":20084,"hostname":"DESKTOP-492C8BG","msg":"La URL: /A y el metodo: GET no estan implementados"}
{"level":40,"time":1676863107230,"pid":20084,"hostname":"DESKTOP-492C8BG","msg":"La URL: /22 y el metodo: GET no estan implementados"}
{"level":40,"time":1676863107740,"pid":20084,"hostname":"DESKTOP-492C8BG","msg":"La URL: /www y el metodo: GET no estan implementados"}
{"level":40,"time":1676863108344,"pid":20084,"hostname":"DESKTOP-492C8BG","msg":"La URL: /1 y el metodo: GET no estan implementados"}
{"level":40,"time":1676863134098,"pid":18208,"hostname":"DESKTOP-492C8BG","msg":"La URL: /11 y el metodo: GET no estan implementados"}
{"level":40,"time":1676863134688,"pid":18208,"hostname":"DESKTOP-492C8BG","msg":"La URL: /1 y el metodo: GET no estan implementados"}
{"level":40,"time":1676863135053,"pid":18208,"hostname":"DESKTOP-492C8BG","msg":"La URL: /22 y el metodo: GET no estan implementados"}
{"level":40,"time":1676863135563,"pid":18208,"hostname":"DESKTOP-492C8BG","msg":"La URL: /www y el metodo: GET no estan implementados"}
{"level":40,"time":1676863136525,"pid":18208,"hostname":"DESKTOP-492C8BG","msg":"La URL: /A y el metodo: GET no estan implementados"}
{"level":40,"time":1676863136885,"pid":18208,"hostname":"DESKTOP-492C8BG","msg":"La URL: /alt=%22Avatar%22%3C/br y el metodo: GET no estan implementados"}
{"level":40,"time":1676863136952,"pid":18208,"hostname":"DESKTOP-492C8BG","msg":"La URL: /pp y el metodo: GET no estan implementados"}
{"level":40,"time":1676863160702,"pid":9728,"hostname":"DESKTOP-492C8BG","msg":"La URL: /11 y el metodo: GET no estan implementados"}
{"level":40,"time":1676863161216,"pid":9728,"hostname":"DESKTOP-492C8BG","msg":"La URL: /1 y el metodo: GET no estan implementados"}
{"level":40,"time":1676863162017,"pid":9728,"hostname":"DESKTOP-492C8BG","msg":"La URL: /22 y el metodo: GET no estan implementados"}
{"level":40,"time":1676863162273,"pid":9728,"hostname":"DESKTOP-492C8BG","msg":"La URL: /pp y el metodo: GET no estan implementados"}
{"level":40,"time":1676863162433,"pid":9728,"hostname":"DESKTOP-492C8BG","msg":"La URL: /A y el metodo: GET no estan implementados"}
{"level":40,"time":1676863163926,"pid":9728,"hostname":"DESKTOP-492C8BG","msg":"La URL: /www y el metodo: GET no estan implementados"}
{"level":40,"time":1676863163970,"pid":9728,"hostname":"DESKTOP-492C8BG","msg":"La URL: /alt=%22Avatar%22%3C/br y el metodo: GET no estan implementados"}
{"level":40,"time":1676863229066,"pid":13084,"hostname":"DESKTOP-492C8BG","msg":"La URL: /pp y el metodo: GET no estan implementados"}
{"level":40,"time":1676863229566,"pid":13084,"hostname":"DESKTOP-492C8BG","msg":"La URL: /A y el metodo: GET no estan implementados"}
{"level":40,"time":1676863230401,"pid":13084,"hostname":"DESKTOP-492C8BG","msg":"La URL: /11 y el metodo: GET no estan implementados"}
{"level":40,"time":1676863230632,"pid":13084,"hostname":"DESKTOP-492C8BG","msg":"La URL: /alt=%22Avatar%22%3C/br y el metodo: GET no estan implementados"}
{"level":40,"time":1676863230669,"pid":13084,"hostname":"DESKTOP-492C8BG","msg":"La URL: /www y el metodo: GET no estan implementados"}
{"level":40,"time":1676863231762,"pid":13084,"hostname":"DESKTOP-492C8BG","msg":"La URL: /1 y el metodo: GET no estan implementados"}
{"level":40,"time":1676863231963,"pid":13084,"hostname":"DESKTOP-492C8BG","msg":"La URL: /22 y el metodo: GET no estan implementados"}
{"level":40,"time":1676863246538,"pid":13084,"hostname":"DESKTOP-492C8BG","msg":"La URL: /favicon.ico y el metodo: GET no estan implementados"}
{"level":40,"time":1676863262447,"pid":13232,"hostname":"DESKTOP-492C8BG","msg":"La URL: /A y el metodo: GET no estan implementados"}
{"level":40,"time":1676863263100,"pid":13232,"hostname":"DESKTOP-492C8BG","msg":"La URL: /1 y el metodo: GET no estan implementados"}
{"level":40,"time":1676863263365,"pid":13232,"hostname":"DESKTOP-492C8BG","msg":"La URL: /22 y el metodo: GET no estan implementados"}
{"level":40,"time":1676863263647,"pid":13232,"hostname":"DESKTOP-492C8BG","msg":"La URL: /pp y el metodo: GET no estan implementados"}
{"level":40,"time":1676863263936,"pid":13232,"hostname":"DESKTOP-492C8BG","msg":"La URL: /11 y el metodo: GET no estan implementados"}
{"level":40,"time":1676863263970,"pid":13232,"hostname":"DESKTOP-492C8BG","msg":"La URL: /alt=%22Avatar%22%3C/br y el metodo: GET no estan implementados"}
{"level":40,"time":1676863265041,"pid":13232,"hostname":"DESKTOP-492C8BG","msg":"La URL: /www y el metodo: GET no estan implementados"}
{"level":40,"time":1676863630807,"pid":11612,"hostname":"DESKTOP-492C8BG","msg":"La URL: /11 y el metodo: GET no estan implementados"}
{"level":40,"time":1676863631312,"pid":11612,"hostname":"DESKTOP-492C8BG","msg":"La URL: /1 y el metodo: GET no estan implementados"}
{"level":40,"time":1676863632101,"pid":11612,"hostname":"DESKTOP-492C8BG","msg":"La URL: /pp y el metodo: GET no estan implementados"}
{"level":40,"time":1676863632358,"pid":11612,"hostname":"DESKTOP-492C8BG","msg":"La URL: /alt=%22Avatar%22%3C/br y el metodo: GET no estan implementados"}
{"level":40,"time":1676863632383,"pid":11612,"hostname":"DESKTOP-492C8BG","msg":"La URL: /A y el metodo: GET no estan implementados"}
{"level":40,"time":1676863632893,"pid":11612,"hostname":"DESKTOP-492C8BG","msg":"La URL: /22 y el metodo: GET no estan implementados"}
{"level":40,"time":1676863633715,"pid":11612,"hostname":"DESKTOP-492C8BG","msg":"La URL: /www y el metodo: GET no estan implementados"}
{"level":40,"time":1676864505508,"pid":20256,"hostname":"DESKTOP-492C8BG","msg":"La URL: /11 y el metodo: GET no estan implementados"}
{"level":40,"time":1676864505975,"pid":20256,"hostname":"DESKTOP-492C8BG","msg":"La URL: /1 y el metodo: GET no estan implementados"}
{"level":40,"time":1676864506760,"pid":20256,"hostname":"DESKTOP-492C8BG","msg":"La URL: /pp y el metodo: GET no estan implementados"}
{"level":40,"time":1676864507017,"pid":20256,"hostname":"DESKTOP-492C8BG","msg":"La URL: /www y el metodo: GET no estan implementados"}
{"level":40,"time":1676864507056,"pid":20256,"hostname":"DESKTOP-492C8BG","msg":"La URL: /A y el metodo: GET no estan implementados"}
{"level":40,"time":1676864507555,"pid":20256,"hostname":"DESKTOP-492C8BG","msg":"La URL: /22 y el metodo: GET no estan implementados"}
{"level":40,"time":1676864508384,"pid":20256,"hostname":"DESKTOP-492C8BG","msg":"La URL: /alt=%22Avatar%22%3C/br y el metodo: GET no estan implementados"}
{"level":40,"time":1676904067134,"pid":8796,"hostname":"DESKTOP-492C8BG","msg":"La URL: /randoms?cant=111 y el metodo: GET no estan implementados"}
{"level":40,"time":1676904070473,"pid":8796,"hostname":"DESKTOP-492C8BG","msg":"La URL: /favicon.ico y el metodo: GET no estan implementados"}
